<?xml version="1.0" encoding="UTF-8"?>
<testsuite xmlns:xsi="http://www.w3.org/2001/XMLSchema-instance" xsi:noNamespaceSchemaLocation="https://maven.apache.org/surefire/maven-surefire-plugin/xsd/surefire-test-report-3.0.xsd" version="3.0" name="TestSuite" time="358.089" tests="8" errors="0" skipped="2" failures="6">
  <properties>
[...]
</properties>
  <testcase name="verfiyPanelsQuantityTest" classname="com.awt.test.Home.VerifyPanelsQuantityTest" time="0">
    <skipped message="For input string: &quot;&quot;"/>
    <system-out><![CDATA[*********************Sucessfully launch To The Browser*********************
*********************Sucessfully launch To The Browser*********************
*********************Sucessfully launch To The Browser*********************
*********************Sucessfully Navigate To The Url*********************
*********************Sucessfully Navigate To The Url*********************
*********************Sucessfully Navigate To The Url*********************
[INFO ] 2024-06-08 14:04:22.801 - startTestCase:

************** Execution Started : verfiyOmsAddingFunctionalityTest**************

[INFO ] 2024-06-08 14:04:22.886 - startTestCase:

************** Execution Started : verifyLogInFunctionalityTest**************

[INFO ] 2024-06-08 14:04:22.939 - startTestCase:

************** Execution Started : verfiyPanelsQuantityTest**************

Retrying test verfiyPanelsQuantityTest with status FAILURE for the 1 time(s).
]]></system-out>
    <system-err><![CDATA[SLF4J: Failed to load class "org.slf4j.impl.StaticLoggerBinder".
SLF4J: Defaulting to no-operation (NOP) logger implementation
SLF4J: See http://www.slf4j.org/codes.html#StaticLoggerBinder for further details.
Jun 08, 2024 2:04:11 PM org.openqa.selenium.devtools.CdpVersionFinder findNearestMatch
WARNING: Unable to find an exact match for CDP version 125, returning the closest version; found: 121; Please update to a Selenium version that supports CDP version 125
Jun 08, 2024 2:04:11 PM org.openqa.selenium.devtools.CdpVersionFinder findNearestMatch
WARNING: Unable to find an exact match for CDP version 125, returning the closest version; found: 121; Please update to a Selenium version that supports CDP version 125
Jun 08, 2024 2:04:11 PM org.openqa.selenium.devtools.CdpVersionFinder findNearestMatch
WARNING: Unable to find an exact match for CDP version 125, returning the closest version; found: 121; Please update to a Selenium version that supports CDP version 125
]]></system-err>
  </testcase>
  <testcase name="verfiyPanelsQuantityTest" classname="com.awt.test.Home.VerifyPanelsQuantityTest" time="0">
    <skipped message="For input string: &quot;&quot;"/>
    <system-out><![CDATA[***********************Closed The Browser**********************
*********************Sucessfully launch To The Browser*********************
*********************Sucessfully Navigate To The Url*********************
[INFO ] 2024-06-08 14:04:36.520 - startTestCase:

************** Execution Started : verfiyPanelsQuantityTest**************

Retrying test verfiyPanelsQuantityTest with status FAILURE for the 2 time(s).
]]></system-out>
    <system-err><![CDATA[Jun 08, 2024 2:04:30 PM org.openqa.selenium.devtools.CdpVersionFinder findNearestMatch
WARNING: Unable to find an exact match for CDP version 125, returning the closest version; found: 121; Please update to a Selenium version that supports CDP version 125
]]></system-err>
  </testcase>
  <testcase name="verfiyPanelsQuantityTest" classname="com.awt.test.Home.VerifyPanelsQuantityTest" time="5.559">
    <failure message="For input string: &quot;&quot;" type="java.lang.NumberFormatException"><![CDATA[java.lang.NumberFormatException: For input string: ""
	at com.awt.test.Home.VerifyPanelsQuantityTest.verfiyPanelsQuantityTest(VerifyPanelsQuantityTest.java:38)
]]></failure>
    <system-out><![CDATA[***********************Closed The Browser**********************
*********************Sucessfully launch To The Browser*********************
[INFO ] 2024-06-08 14:04:47.826 - selectByVisibleText:Unable To Select :Natakhadi By Visible Text
Cannot locate option with text: Natakhadi
For documentation on this error, please visit: https://www.selenium.dev/documentation/webdriver/troubleshooting/errors#no-such-element-exception
Build info: version: '4.17.0', revision: 'e52b1be057*'
System info: os.name: 'Windows 11', os.arch: 'amd64', os.version: '10.0', java.version: '17.0.10'
Driver info: driver.version: unknown
*********************Sucessfully Navigate To The Url*********************
[INFO ] 2024-06-08 14:04:48.499 - startTestCase:

************** Execution Started : verfiyPanelsQuantityTest**************

[INFO ] 2024-06-08 14:04:54.006 - onTestFailure:CAPTURED FAILURE SCREEN SHOT FOR :verfiyPanelsQuantityTest Method
]]></system-out>
    <system-err><![CDATA[Jun 08, 2024 2:04:42 PM org.openqa.selenium.devtools.CdpVersionFinder findNearestMatch
WARNING: Unable to find an exact match for CDP version 125, returning the closest version; found: 121; Please update to a Selenium version that supports CDP version 125
]]></system-err>
  </testcase>
  <testcase name="verfiyOmsAddingFunctionalityTest" classname="com.awt.test.Oms_Add.VerifyOmsAddingFunctionalityTest" time="10.341">
    <failure message="no such element: Unable to locate element: {&quot;method&quot;:&quot;xpath&quot;,&quot;selector&quot;:&quot;//label[contains(text(),&apos;OMS Area  (Ha) *&apos;)]/following-sibling::input&quot;}&#10;  (Session info: chrome=125.0.6422.142)&#10;For documentation on this error, please visit: https://www.selenium.dev/documentation/webdriver/troubleshooting/errors#no-such-element-exception&#10;Build info: version: &apos;4.17.0&apos;, revision: &apos;e52b1be057*&apos;&#10;System info: os.name: &apos;Windows 11&apos;, os.arch: &apos;amd64&apos;, os.version: &apos;10.0&apos;, java.version: &apos;17.0.10&apos;&#10;Driver info: org.openqa.selenium.chrome.ChromeDriver&#10;Command: [93fb8da9eaae056bcb405b917b85cd2e, findElement {value=//label[contains(text(),&apos;OMS Area  (Ha) *&apos;)]/following-sibling::input, using=xpath}]&#10;Capabilities {acceptInsecureCerts: false, browserName: chrome, browserVersion: 125.0.6422.142, chrome: {chromedriverVersion: 125.0.6422.141 (4b1e8393712..., userDataDir: C:\Windows\SystemTemp\scope...}, fedcm:accounts: true, goog:chromeOptions: {debuggerAddress: localhost:58331}, networkConnectionEnabled: false, pageLoadStrategy: normal, platformName: windows, proxy: Proxy(), se:cdp: ws://localhost:58331/devtoo..., se:cdpVersion: 125.0.6422.142, setWindowRect: true, strictFileInteractability: false, timeouts: {implicit: 0, pageLoad: 300000, script: 30000}, unhandledPromptBehavior: dismiss and notify, webauthn:extension:credBlob: true, webauthn:extension:largeBlob: true, webauthn:extension:minPinLength: true, webauthn:extension:prf: true, webauthn:virtualAuthenticators: true}&#10;Session ID: 93fb8da9eaae056bcb405b917b85cd2e" type="org.openqa.selenium.NoSuchElementException"><![CDATA[org.openqa.selenium.NoSuchElementException: 
no such element: Unable to locate element: {"method":"xpath","selector":"//label[contains(text(),'OMS Area  (Ha) *')]/following-sibling::input"}
  (Session info: chrome=125.0.6422.142)
For documentation on this error, please visit: https://www.selenium.dev/documentation/webdriver/troubleshooting/errors#no-such-element-exception
Build info: version: '4.17.0', revision: 'e52b1be057*'
System info: os.name: 'Windows 11', os.arch: 'amd64', os.version: '10.0', java.version: '17.0.10'
Driver info: org.openqa.selenium.chrome.ChromeDriver
Command: [93fb8da9eaae056bcb405b917b85cd2e, findElement {value=//label[contains(text(),'OMS Area  (Ha) *')]/following-sibling::input, using=xpath}]
Capabilities {acceptInsecureCerts: false, browserName: chrome, browserVersion: 125.0.6422.142, chrome: {chromedriverVersion: 125.0.6422.141 (4b1e8393712..., userDataDir: C:\Windows\SystemTemp\scope...}, fedcm:accounts: true, goog:chromeOptions: {debuggerAddress: localhost:58331}, networkConnectionEnabled: false, pageLoadStrategy: normal, platformName: windows, proxy: Proxy(), se:cdp: ws://localhost:58331/devtoo..., se:cdpVersion: 125.0.6422.142, setWindowRect: true, strictFileInteractability: false, timeouts: {implicit: 0, pageLoad: 300000, script: 30000}, unhandledPromptBehavior: dismiss and notify, webauthn:extension:credBlob: true, webauthn:extension:largeBlob: true, webauthn:extension:minPinLength: true, webauthn:extension:prf: true, webauthn:virtualAuthenticators: true}
Session ID: 93fb8da9eaae056bcb405b917b85cd2e
	at com.awt.test.Oms_Add.VerifyOmsAddingFunctionalityTest.verfiyOmsAddingFunctionalityTest(VerifyOmsAddingFunctionalityTest.java:46)
]]></failure>
    <system-out><![CDATA[***********************Closed The Browser**********************
*********************Sucessfully launch To The Browser*********************
[INFO ] 2024-06-08 14:04:58.798 - onTestFailure:CAPTURED FAILURE SCREEN SHOT FOR :verfiyOmsAddingFunctionalityTest Method
]]></system-out>
    <system-err><![CDATA[Jun 08, 2024 2:04:54 PM org.openqa.selenium.devtools.CdpVersionFinder findNearestMatch
WARNING: Unable to find an exact match for CDP version 125, returning the closest version; found: 121; Please update to a Selenium version that supports CDP version 125
]]></system-err>
  </testcase>
  <testcase name="verifyLogInFunctionalityTest" classname="com.awt.test.Login.VerifyLogInFunctionalityTest" time="65.099">
    <failure message="The following asserts failed:&#10;	expected [WELCOME TO NARMADA KSHIPRA MULTIPURPOSE PROJECT] but found [null]" type="java.lang.AssertionError"><![CDATA[java.lang.AssertionError: 
The following asserts failed:
	expected [WELCOME TO NARMADA KSHIPRA MULTIPURPOSE PROJECT] but found [null]
	at com.awt.test.Login.VerifyLogInFunctionalityTest.verifyLogInFunctionalityTest(VerifyLogInFunctionalityTest.java:46)
]]></failure>
    <system-out><![CDATA[***********************Closed The Browser**********************
*********************Sucessfully Navigate To The Url*********************
[INFO ] 2024-06-08 14:05:00.711 - startTestCase:

************** Execution Started : verifyLogInCredentialsTest**************

[INFO ] 2024-06-08 14:05:58.074 - logToConsole:Soft Assert Failed for method: 'assertEquals' - project name is visible  [Expected: 'WELCOME TO NARMADA KSHIPRA MULTIPURPOSE PROJECT'] [Actual: 'null'][TestId :290]
[INFO ] 2024-06-08 14:06:05.563 - logToConsole:Soft Assert Passed for method: 'assertEquals' - verfiy error message  [Expected: 'Email/Username or Password is not Valid'] [Actual: 'Email/Username or Password is not Valid'][TestId :220]
[INFO ] 2024-06-08 14:06:05.766 - onTestFailure:CAPTURED FAILURE SCREEN SHOT FOR :verifyLogInFunctionalityTest Method
]]></system-out>
  </testcase>
  <testcase name="verifyLogInCredentialsTest[default, AWT, AWTScada#@2023](1)" classname="com.awt.test.Login.VerifyLogInFunctionalityTest" time="95.331">
    <failure message="The following asserts failed:&#10;	expected [WELCOME TO NARMADA KSHIPRA MULTIPURPOSE PROJECT] but found [null]" type="java.lang.AssertionError"><![CDATA[java.lang.AssertionError: 
The following asserts failed:
	expected [WELCOME TO NARMADA KSHIPRA MULTIPURPOSE PROJECT] but found [null]
	at com.awt.test.Login.VerifyLogInFunctionalityTest.verifyLogInCredentialsTest(VerifyLogInFunctionalityTest.java:67)
]]></failure>
    <system-out><![CDATA[***********************Closed The Browser**********************
[INFO ] 2024-06-08 14:06:35.861 - logToConsole:Soft Assert Failed for method: 'assertEquals' - project name is visible  [Expected: 'WELCOME TO NARMADA KSHIPRA MULTIPURPOSE PROJECT'] [Actual: 'null'][TestId :290]

[INFO ] 2024-06-08 14:06:35.997 - onTestFailure:CAPTURED FAILURE SCREEN SHOT FOR :verifyLogInCredentialsTest Method
]]></system-out>
  </testcase>
  <testcase name="verifyLogInCredentialsTest[290, Admin, AdminScada#@2023](2)" classname="com.awt.test.Login.VerifyLogInFunctionalityTest" time="95.244">
    <failure message="The following asserts failed:&#10;	expected [WELCOME TO NARMADA KSHIPRA MULTIPURPOSE PROJECT] but found [null]" type="java.lang.AssertionError"><![CDATA[java.lang.AssertionError: 
The following asserts failed:
	expected [WELCOME TO NARMADA KSHIPRA MULTIPURPOSE PROJECT] but found [null]
	at com.awt.test.Login.VerifyLogInFunctionalityTest.verifyLogInCredentialsTest(VerifyLogInFunctionalityTest.java:67)
]]></failure>
    <system-out><![CDATA[***********************Closed The Browser**********************
*********************Sucessfully launch To The Browser*********************
*********************Sucessfully Navigate To The Url*********************
[INFO ] 2024-06-08 14:06:42.841 - startTestCase:

************** Execution Started : verifyLogInCredentialsTest**************

[INFO ] 2024-06-08 14:08:17.942 - logToConsole:Soft Assert Failed for method: 'assertEquals' - project name is visible  [Expected: 'WELCOME TO NARMADA KSHIPRA MULTIPURPOSE PROJECT'] [Actual: 'null'][TestId :290]

[INFO ] 2024-06-08 14:08:18.039 - onTestFailure:CAPTURED FAILURE SCREEN SHOT FOR :verifyLogInCredentialsTest Method
]]></system-out>
    <system-err><![CDATA[Jun 08, 2024 2:06:36 PM org.openqa.selenium.devtools.CdpVersionFinder findNearestMatch
WARNING: Unable to find an exact match for CDP version 125, returning the closest version; found: 121; Please update to a Selenium version that supports CDP version 125
]]></system-err>
  </testcase>
  <testcase name="verifyLogInCredentialsTest[290, Operator , OperatorScada#@2023](3)" classname="com.awt.test.Login.VerifyLogInFunctionalityTest" time="95.988">
    <failure message="The following asserts failed:&#10;	expected [WELCOME TO NARMADA KSHIPRA MULTIPURPOSE PROJECT] but found [null]" type="java.lang.AssertionError"><![CDATA[java.lang.AssertionError: 
The following asserts failed:
	expected [WELCOME TO NARMADA KSHIPRA MULTIPURPOSE PROJECT] but found [null]
	at com.awt.test.Login.VerifyLogInFunctionalityTest.verifyLogInCredentialsTest(VerifyLogInFunctionalityTest.java:67)
]]></failure>
    <system-out><![CDATA[***********************Closed The Browser**********************
*********************Sucessfully launch To The Browser*********************
*********************Sucessfully Navigate To The Url*********************
[INFO ] 2024-06-08 14:08:24.844 - startTestCase:

************** Execution Started : verifyLogInCredentialsTest**************

[INFO ] 2024-06-08 14:10:00.111 - logToConsole:Soft Assert Failed for method: 'assertEquals' - project name is visible  [Expected: 'WELCOME TO NARMADA KSHIPRA MULTIPURPOSE PROJECT'] [Actual: 'null'][TestId :290]

[INFO ] 2024-06-08 14:10:00.790 - onTestFailure:CAPTURED FAILURE SCREEN SHOT FOR :verifyLogInCredentialsTest Method
]]></system-out>
    <system-err><![CDATA[Jun 08, 2024 2:08:18 PM org.openqa.selenium.devtools.CdpVersionFinder findNearestMatch
WARNING: Unable to find an exact match for CDP version 125, returning the closest version; found: 121; Please update to a Selenium version that supports CDP version 125
]]></system-err>
  </testcase>
</testsuite>