<?xml version="1.0" encoding="UTF-8"?>
<!-- Generated by org.testng.reporters.JUnitXMLReporter -->
<testsuite ignored="0" hostname="AnkitYadav" failures="1" tests="1" name="Test" time="212.587" errors="0" timestamp="2024-07-30T18:36:45 IST">
  <testcase classname="com.awt.test.Admin.CreateProject.AdminCreatePageTest" name="verify_NewProjectDetailsPanel" time="208.027">
    <failure type="java.lang.AssertionError" message="The following asserts failed:
	expected [2TYCDE0NEIQMwE0R] but found [2TYCDE0NEIQMwE0],
	expected [-235] but found [252 days]">
      <![CDATA[java.lang.AssertionError: The following asserts failed:
expected [2TYCDE0NEIQMwE0R] but found [2TYCDE0NEIQMwE0],
expected [-235] but found [252 days]
at com.awt.utills.reusablecomponents.SoftAssertTest.assertAll(SoftAssertTest.java:212)
at com.awt.test.Admin.CreateProject.AdminCreatePageTest.verify_NewProjectDetailsPanel(AdminCreatePageTest.java:111)
at java.base/java.util.concurrent.ThreadPoolExecutor.runWorker(ThreadPoolExecutor.java:1136)
at java.base/java.util.concurrent.ThreadPoolExecutor$Worker.run(ThreadPoolExecutor.java:635)
at java.base/java.lang.Thread.run(Thread.java:842)
... Removed 14 stack frames]]>
    </failure>
  </testcase> <!-- verify_NewProjectDetailsPanel -->
</testsuite> <!-- Test -->
