<?xml version="1.0" encoding="UTF-8"?>
<testng-results ignored="1" total="2" passed="0" failed="1" skipped="0">
  <reporter-output>
  </reporter-output>
  <suite started-at="2024-07-23T09:48:12 IST" name="Demo" finished-at="2024-07-23T09:48:42 IST" duration-ms="30712">
    <groups>
      <group name="Functional">
        <method signature="AdminCreatePageTest.verifyAddProjectDetails()[pri:0, instance:com.awt.test.Admin.CreateProject.AdminCreatePageTest@245b4bdc]" name="verifyAddProjectDetails" class="com.awt.test.Admin.CreateProject.AdminCreatePageTest"/>
      </group> <!-- Functional -->
      <group name="Admin">
        <method signature="AdminCreatePageTest.verifyAddProjectDetails()[pri:0, instance:com.awt.test.Admin.CreateProject.AdminCreatePageTest@245b4bdc]" name="verifyAddProjectDetails" class="com.awt.test.Admin.CreateProject.AdminCreatePageTest"/>
      </group> <!-- Admin -->
    </groups>
    <test started-at="2024-07-23T09:48:12 IST" name="Test" finished-at="2024-07-23T09:48:42 IST" duration-ms="30712">
      <class name="com.awt.test.Admin.CreateProject.AdminCreatePageTest">
        <test-method is-config="true" signature="launchBrowser(java.lang.String)[pri:0, instance:com.awt.test.Admin.CreateProject.AdminCreatePageTest@245b4bdc]" started-at="2024-07-23T09:48:12 IST" name="launchBrowser" finished-at="2024-07-23T09:48:21 IST" duration-ms="9534" status="PASS">
          <params>
            <param index="0">
              <value>
                <![CDATA[0]]>
              </value>
            </param>
          </params>
          <reporter-output>
          </reporter-output>
        </test-method> <!-- launchBrowser -->
        <test-method signature="verifyAddProjectDetails()[pri:0, instance:com.awt.test.Admin.CreateProject.AdminCreatePageTest@245b4bdc]" started-at="2024-07-23T09:48:21 IST" name="verifyAddProjectDetails" finished-at="2024-07-23T09:48:41 IST" duration-ms="19732" status="FAIL">
          <exception class="org.openqa.selenium.WebDriverException">
            <message>
              <![CDATA[unknown error: path is not absolute: .\\TestData\\Images\\Client_Logo.jpg
  (Session info: chrome=126.0.6478.128)
Build info: version: '4.17.0', revision: 'e52b1be057*'
System info: os.name: 'Windows 11', os.arch: 'amd64', os.version: '10.0', java.version: '17.0.10'
Driver info: org.openqa.selenium.chrome.ChromeDriver
Command: [d752c080ff557b9d52bde9839e93730e, sendKeysToElement {value=[Ljava.lang.CharSequence;@2cb3dae8, id=f.50CE2B48B2F74621E61284BFCF78A809.d.8EA4A987D64CFAECD82E10D3A5DC774F.e.122}]
Capabilities {acceptInsecureCerts: false, browserName: chrome, browserVersion: 126.0.6478.128, chrome: {chromedriverVersion: 126.0.6478.182 (5b5d8292ddf..., userDataDir: C:\Users\AWTTES~1\AppData\L...}, fedcm:accounts: true, goog:chromeOptions: {debuggerAddress: localhost:58914}, networkConnectionEnabled: false, pageLoadStrategy: normal, platformName: windows, proxy: Proxy(), se:cdp: ws://localhost:58914/devtoo..., se:cdpVersion: 126.0.6478.128, setWindowRect: true, strictFileInteractability: false, timeouts: {implicit: 0, pageLoad: 300000, script: 30000}, unhandledPromptBehavior: dismiss and notify, webauthn:extension:credBlob: true, webauthn:extension:largeBlob: true, webauthn:extension:minPinLength: true, webauthn:extension:prf: true, webauthn:virtualAuthenticators: true}
Element: [[ChromeDriver: chrome on windows (d752c080ff557b9d52bde9839e93730e)] -> xpath: //input[contains(@id,'clientLogo')]]
Session ID: d752c080ff557b9d52bde9839e93730e]]>
            </message>
            <full-stacktrace>
              <![CDATA[org.openqa.selenium.WebDriverException: unknown error: path is not absolute: .\\TestData\\Images\\Client_Logo.jpg
  (Session info: chrome=126.0.6478.128)
Build info: version: '4.17.0', revision: 'e52b1be057*'
System info: os.name: 'Windows 11', os.arch: 'amd64', os.version: '10.0', java.version: '17.0.10'
Driver info: org.openqa.selenium.chrome.ChromeDriver
Command: [d752c080ff557b9d52bde9839e93730e, sendKeysToElement {value=[Ljava.lang.CharSequence;@2cb3dae8, id=f.50CE2B48B2F74621E61284BFCF78A809.d.8EA4A987D64CFAECD82E10D3A5DC774F.e.122}]
Capabilities {acceptInsecureCerts: false, browserName: chrome, browserVersion: 126.0.6478.128, chrome: {chromedriverVersion: 126.0.6478.182 (5b5d8292ddf..., userDataDir: C:\Users\AWTTES~1\AppData\L...}, fedcm:accounts: true, goog:chromeOptions: {debuggerAddress: localhost:58914}, networkConnectionEnabled: false, pageLoadStrategy: normal, platformName: windows, proxy: Proxy(), se:cdp: ws://localhost:58914/devtoo..., se:cdpVersion: 126.0.6478.128, setWindowRect: true, strictFileInteractability: false, timeouts: {implicit: 0, pageLoad: 300000, script: 30000}, unhandledPromptBehavior: dismiss and notify, webauthn:extension:credBlob: true, webauthn:extension:largeBlob: true, webauthn:extension:minPinLength: true, webauthn:extension:prf: true, webauthn:virtualAuthenticators: true}
Element: [[ChromeDriver: chrome on windows (d752c080ff557b9d52bde9839e93730e)] -> xpath: //input[contains(@id,'clientLogo')]]
Session ID: d752c080ff557b9d52bde9839e93730e
at java.base/jdk.internal.reflect.NativeConstructorAccessorImpl.newInstance0(Native Method)
at java.base/jdk.internal.reflect.NativeConstructorAccessorImpl.newInstance(NativeConstructorAccessorImpl.java:77)
at java.base/jdk.internal.reflect.DelegatingConstructorAccessorImpl.newInstance(DelegatingConstructorAccessorImpl.java:45)
at java.base/java.lang.reflect.Constructor.newInstanceWithCaller(Constructor.java:499)
at java.base/java.lang.reflect.Constructor.newInstance(Constructor.java:480)
at org.openqa.selenium.remote.codec.w3c.W3CHttpResponseCodec.createException(W3CHttpResponseCodec.java:185)
at org.openqa.selenium.remote.codec.w3c.W3CHttpResponseCodec.decode(W3CHttpResponseCodec.java:134)
at org.openqa.selenium.remote.codec.w3c.W3CHttpResponseCodec.decode(W3CHttpResponseCodec.java:51)
at org.openqa.selenium.remote.HttpCommandExecutor.execute(HttpCommandExecutor.java:190)
at org.openqa.selenium.remote.service.DriverCommandExecutor.invokeExecute(DriverCommandExecutor.java:216)
at org.openqa.selenium.remote.service.DriverCommandExecutor.execute(DriverCommandExecutor.java:174)
at org.openqa.selenium.remote.RemoteWebDriver.execute(RemoteWebDriver.java:519)
at org.openqa.selenium.remote.RemoteWebElement.execute(RemoteWebElement.java:223)
at org.openqa.selenium.remote.RemoteWebElement.sendKeys(RemoteWebElement.java:110)
at java.base/jdk.internal.reflect.NativeMethodAccessorImpl.invoke0(Native Method)
at java.base/jdk.internal.reflect.NativeMethodAccessorImpl.invoke(NativeMethodAccessorImpl.java:77)
at java.base/jdk.internal.reflect.DelegatingMethodAccessorImpl.invoke(DelegatingMethodAccessorImpl.java:43)
at java.base/java.lang.reflect.Method.invoke(Method.java:568)
at org.openqa.selenium.support.pagefactory.internal.LocatingElementHandler.invoke(LocatingElementHandler.java:51)
at jdk.proxy2/jdk.proxy2.$Proxy40.sendKeys(Unknown Source)
at com.awt.page.Admin.CreateProject.NewProjectDetailsPanel.uploadLogo(NewProjectDetailsPanel.java:228)
at com.awt.page.Admin.CreateProject.NewProjectDetailsPanel.enterProjectDetails(NewProjectDetailsPanel.java:267)
at com.awt.test.Admin.CreateProject.AdminCreatePageTest.verifyAddProjectDetails(AdminCreatePageTest.java:274)
at java.base/jdk.internal.reflect.NativeMethodAccessorImpl.invoke0(Native Method)
at java.base/jdk.internal.reflect.NativeMethodAccessorImpl.invoke(NativeMethodAccessorImpl.java:77)
at java.base/jdk.internal.reflect.DelegatingMethodAccessorImpl.invoke(DelegatingMethodAccessorImpl.java:43)
at java.base/java.lang.reflect.Method.invoke(Method.java:568)
at org.testng.internal.MethodInvocationHelper.invokeMethod(MethodInvocationHelper.java:133)
at org.testng.internal.TestInvoker.invokeMethod(TestInvoker.java:598)
at org.testng.internal.TestInvoker.invokeTestMethod(TestInvoker.java:173)
at org.testng.internal.MethodRunner.runInSequence(MethodRunner.java:46)
at org.testng.internal.TestInvoker$MethodInvocationAgent.invoke(TestInvoker.java:824)
at org.testng.internal.TestInvoker.invokeTestMethods(TestInvoker.java:146)
at org.testng.internal.TestMethodWorker.invokeTestMethods(TestMethodWorker.java:146)
at org.testng.internal.TestMethodWorker.run(TestMethodWorker.java:128)
at java.base/java.util.concurrent.ThreadPoolExecutor.runWorker(ThreadPoolExecutor.java:1136)
at java.base/java.util.concurrent.ThreadPoolExecutor$Worker.run(ThreadPoolExecutor.java:635)
at java.base/java.lang.Thread.run(Thread.java:842)
]]>
            </full-stacktrace>
          </exception> <!-- org.openqa.selenium.WebDriverException -->
          <reporter-output>
          </reporter-output>
        </test-method> <!-- verifyAddProjectDetails -->
        <test-method is-config="true" signature="tearUp()[pri:0, instance:com.awt.test.Admin.CreateProject.AdminCreatePageTest@245b4bdc]" started-at="2024-07-23T09:48:41 IST" name="tearUp" finished-at="2024-07-23T09:48:42 IST" duration-ms="889" status="PASS">
          <reporter-output>
          </reporter-output>
        </test-method> <!-- tearUp -->
      </class> <!-- com.awt.test.Admin.CreateProject.AdminCreatePageTest -->
    </test> <!-- Test -->
  </suite> <!-- Demo -->
</testng-results>
